[2024-07-23 09:55:21] [INFO]:
Spectator UUID: 21462283-a56d-3170-bb2c-34e60003d4ff
Spectator Name: kensei789987
Taken         : []
Given         : [COD x 1, TURTLE_EGG x 5]
Target        : _Hana_
[2024-07-23 09:55:21] [INFO]:
Spectator UUID: 21462283-a56d-3170-bb2c-34e60003d4ff
Spectator Name: kensei789987
Taken         : []
Given         : [COD x 1, TURTLE_EGG x 5]
Target        : _Hana_
[2024-07-23 09:55:21] [INFO]:
Spectator UUID: 21462283-a56d-3170-bb2c-34e60003d4ff
Spectator Name: kensei789987
Taken         : []
Given         : [COD x 1, TURTLE_EGG x 5]
Target        : _Hana_
[2024-07-23 09:55:21] [INFO]:
Spectator UUID: 21462283-a56d-3170-bb2c-34e60003d4ff
Spectator Name: kensei789987
Taken         : []
Given         : [COD x 1, TURTLE_EGG x 5]
Target        : _Hana_
[2024-07-23 10:07:19] [INFO]:
Spectator UUID: 21462283-a56d-3170-bb2c-34e60003d4ff
Spectator Name: kensei789987
Taken         : [NETHERITE_SWORD & UNSPECIFIC_META:{meta-type=UNSPECIFIC, display-name={"text":"Miku Sword"}, enchants={FIRE_ASPECT=2, KNOCKBACK=2, LOOT_BONUS_MOBS=3, MENDING=1, DAMAGE_ALL=5, SWEEPING_EDGE=3, DURABILITY=3}} x 1]
Given         : []
Target        : Scuff
